#Bs_Bh	up_Bh
goid	goterm	10	14	18	22	2	6
GO:0016043	cellular component organization	1	1	2.69461623102993e-05	1	1	2.02177447610643e-05
GO:0031167	rRNA methylation	1	1	6.86250413748845e-05	1	1	1
GO:0009765	photosynthesis, light harvesting	1	3.14428914994633e-13	1	1	1	1.73651544496191e-09
GO:0019684	photosynthesis, light reaction	1	5.54540373168052e-10	1	1	1	3.88577577533303e-07
GO:0043631	RNA polyadenylation	1.74826990361744e-05	3.76321646151939e-05	6.3948260493217e-05	1	1	1
GO:0071840	cellular component organization or biogenesis	1	1	3.99585495591395e-06	1	1	2.88246575751044e-05
GO:0034660	ncRNA metabolic process	1	1	3.56486925488834e-05	1	1	1
GO:0006378	mRNA polyadenylation	4.12074985372211e-05	7.01466092301747e-05	1	1	1	1
GO:0007017	microtubule-based process	1	1	1	1	1	3.35768698212001e-05
GO:0015979	photosynthesis	1	2.8119608799975e-07	2.19465103082455e-08	1	1	1.85590315311375e-05

#Bs_Bh	down_Bh
goid	goterm	10	14	18	22	2	6
GO:0009056	catabolic process	1	1	1	4.06549888910215e-05	1	1
GO:0050896	response to stimulus	1	1	5.17886656809204e-07	1	1	1.23137004490024e-05
GO:0022900	electron transport chain	3.33391420668605e-06	4.25280294495278e-06	1	1	1	5.43033664418553e-05
GO:0055114	oxidation-reduction process	1	9.91408263181853e-06	1.78967048714895e-10	6.17491521172004e-08	1	2.65234855491868e-08
GO:0006091	generation of precursor metabolites and energy	4.13123150484391e-05	1	1	1	1	1
GO:0012501	programmed cell death	3.67344489188686e-05	1.30620069228521e-05	3.5259046307086e-05	1	1.0117671722801e-05	1
GO:0009607	response to biotic stimulus	1	1	4.26165776841624e-05	1	1	1
GO:0044281	small molecule metabolic process	1.33043457634495e-05	1	1	1	1	2.93607614111516e-05
GO:0006915	apoptotic process	3.09546531750328e-05	1.08700817319166e-05	2.92374590716461e-05	1	8.2677007143285e-06	1
GO:0009628	response to abiotic stimulus	1	1	1.80509236432837e-07	1	1	1.27134925350932e-05
GO:1901605	alpha-amino acid metabolic process	1	1	6.34859788614849e-05	1	1	1
GO:0009767	photosynthetic electron transport chain	1.87223644635e-06	2.79936429635314e-05	1	1	1	2.77297786874963e-06
GO:0009117	nucleotide metabolic process	9.64398488264138e-05	1	1	1	1	1
GO:0008219	cell death	8.81098644642782e-05	1.1940049788314e-05	1	5.52819941587423e-05	1.15387755449118e-05	1
GO:0019748	secondary metabolic process	1	1	7.29228833701158e-08	1	9.3146515454158e-05	9.14187373624881e-06
GO:0055085	transmembrane transport	1	1	1	7.67356252373355e-05	1	1

