#Bd_col	up_col
goid	goterm	10	14	18	22	2	6
GO:0050896	response to stimulus	1	9.95671947382547e-07	1	1	1	1
GO:0019684	photosynthesis, light reaction	1	1.81245526340349e-05	1	1	1	1
GO:0009765	photosynthesis, light harvesting	1	2.69329344973738e-05	1	1	1	1
GO:0055114	oxidation-reduction process	1	8.34559352002232e-05	1	1	1	1
GO:0009628	response to abiotic stimulus	1	3.03894926493919e-06	1	1	1	1
GO:0006091	generation of precursor metabolites and energy	1	5.42679222661217e-08	1	1	1	1
GO:0009719	response to endogenous stimulus	1	2.59148294870165e-05	1	1	1	1
GO:0015979	photosynthesis	1	7.97632203238561e-09	1	1	1	1

#Bd_col	down_col
goid	goterm	10	14	18	22	2	6
GO:0009877	nodulation	1	1	1	1	0.000136910879634472	1
GO:0015980	energy derivation by oxidation of organic compounds	0.000653298951654016	1	1	1	1	1
GO:0045333	cellular respiration	0.000520345476291208	1	1	1	1	1
GO:0022900	electron transport chain	9.51633113286855e-13	1	1	1	1	1
GO:0022904	respiratory electron transport chain	0.000236601318777924	1	1	1	1	1
GO:0009772	photosynthetic electron transport in photosystem II	4.30878668452268e-07	1	1	1	1	1
GO:0006928	movement of cell or subcellular component	1	0.000194292747890442	1	1	1	1
GO:0006091	generation of precursor metabolites and energy	7.79515649185415e-08	1	1	1	1	1
GO:0009084	glutamine family amino acid biosynthetic process	1	1	1	1	1	8.02980698399153e-05
GO:0016051	carbohydrate biosynthetic process	1	1	1	1	0.000833207978526019	1
GO:0005985	sucrose metabolic process	0.00014750760488881	1	1	1	1	1
GO:0015979	photosynthesis	1.47171697132754e-07	1	1	1	1	9.00732388674386e-05
GO:0008152	metabolic process	1	1	1	1	1	0.000361454965097406
GO:0033692	cellular polysaccharide biosynthetic process	1	1	1	1	1	0.000888539649235604
GO:0019684	photosynthesis, light reaction	4.44965097845383e-08	1	1	1	1	1
GO:1901605	alpha-amino acid metabolic process	1	1	1	1	1	0.000370631636460151
GO:0009767	photosynthetic electron transport chain	3.69818322831848e-11	1	1	1	1	1
GO:0015977	carbon fixation	1.35539614042993e-07	1	1	1	1	1
GO:0005975	carbohydrate metabolic process	1	1	2.48179831374387e-05	1	1	1
GO:0034637	cellular carbohydrate biosynthetic process	0.000678345229621288	1	1	1	1	0.00076894639971983
GO:0007165	signal transduction	1	1	1	1	0.000920581636089423	1
GO:0042773	ATP synthesis coupled electron transport	0.000876789885512421	1	1	1	1	1
GO:0044419	interspecies interaction between organisms	1	1	1	1	0.00034013873244994	1
GO:0044262	cellular carbohydrate metabolic process	0.000224893086881307	1	1	1	1	0.000385811499936332
GO:0007017	microtubule-based process	1	0.00032544996395582	1	1	1	1
GO:0006520	cellular amino acid metabolic process	1	1	1	1	1	0.000855669449269964
GO:0044403	symbiont process	1	1	1	1	0.000136910879634472	1
GO:0006119	oxidative phosphorylation	0.000876789885512421	1	1	1	1	1
GO:0006629	lipid metabolic process	1	1	1	1	1	9.6955701549816e-06
GO:0044281	small molecule metabolic process	1	1	1	1	1	0.000177498277332386
GO:0007018	microtubule-based movement	1	0.000194292747890442	1	1	1	1
GO:0000271	polysaccharide biosynthetic process	1	1	1	1	1	0.000888539649235604

