#Bs_Bh	up_Bh
goid	goterm	10	14	18	22	2	6
GO:0006379	mRNA cleavage	1	0.000909589134107529	1	1	1	1
GO:0016043	cellular component organization	1	1	2.69461623102993e-05	0.000608082836703656	1	2.02177447610643e-05
GO:0043631	RNA polyadenylation	1.74826990361744e-05	3.76321646151939e-05	6.3948260493217e-05	1	0.000420274560580354	1
GO:0034470	ncRNA processing	1	1	0.000275335125778327	1	1	1
GO:0031325	positive regulation of cellular metabolic process	1	1	0.000900654472648921	1	1	1
GO:0071840	cellular component organization or biogenesis	1	1	3.99585495591395e-06	0.000411842684219191	0.000779821856168472	2.88246575751044e-05
GO:0018205	peptidyl-lysine modification	1	1	1	0.000361969295208937	1	1
GO:0012501	programmed cell death	1	1	1	0.000916986233358907	1	1
GO:0006091	generation of precursor metabolites and energy	1	0.000177131975098058	0.000315187497627468	1	1	0.00022711454816118
GO:0006520	cellular amino acid metabolic process	1	1	1	1	1	0.000463445464977436
GO:0007017	microtubule-based process	1	1	1	1	1	3.35768698212001e-05
GO:0017038	protein import	1	1	1	0.000523558202564444	1	1
GO:0015979	photosynthesis	1	2.8119608799975e-07	2.19465103082455e-08	1	1	1.85590315311375e-05
GO:0031167	rRNA methylation	1	0.00084396766335037	6.86250413748845e-05	1	1	1
GO:0019684	photosynthesis, light reaction	1	5.54540373168052e-10	1	1	1	3.88577577533303e-07
GO:0009765	photosynthesis, light harvesting	1	3.14428914994633e-13	1	1	1	1.73651544496191e-09
GO:0090501	RNA phosphodiester bond hydrolysis	1	0.000909589134107529	1	1	1	1
GO:0034660	ncRNA metabolic process	1	1	3.56486925488834e-05	1	1	1
GO:0006915	apoptotic process	1	1	1	0.000801887111710051	1	1
GO:0009893	positive regulation of metabolic process	1	1	0.000900654472648921	1	1	1
GO:0031123	RNA 3'-end processing	0.00041519719774498	0.000771365085342969	1	1	1	1
GO:0006378	mRNA polyadenylation	4.12074985372211e-05	7.01466092301747e-05	0.000101548550942254	1	1	1

#Bs_Bh	down_Bh
goid	goterm	10	14	18	22	2	6
GO:0050896	response to stimulus	1	0.000505193665758342	5.17886656809204e-07	0.000265704332948295	1	1.23137004490024e-05
GO:0009056	catabolic process	1	0.000917339047852477	1	4.06549888910215e-05	0.000203336408717243	0.000568791133139309
GO:0009126	purine nucleoside monophosphate metabolic process	0.000813384491439242	0.000385140578172485	1	1	1	0.000903298430864175
GO:0022900	electron transport chain	3.33391420668605e-06	4.25280294495278e-06	1	0.000110318156914054	1	5.43033664418553e-05
GO:0009205	purine ribonucleoside triphosphate metabolic process	0.000205808634203176	0.000268388649182838	1	0.000707146490402436	1	0.000607002475937495
GO:0055114	oxidation-reduction process	1	9.91408263181853e-06	1.78967048714895e-10	6.17491521172004e-08	1	2.65234855491868e-08
GO:0009772	photosynthetic electron transport in photosystem II	1	1	1	1	1	0.000481665307928079
GO:0006091	generation of precursor metabolites and energy	4.13123150484391e-05	1	1	0.000378067667727635	1	1
GO:0019693	ribose phosphate metabolic process	0.000349173176995219	1	1	0.000768200128594374	1	1
GO:0009064	glutamine family amino acid metabolic process	1	1	1	0.000941931332962038	1	1
GO:0006952	defense response	1	0.000303426316447469	1	1	1	1
GO:0009607	response to biotic stimulus	1	1	4.26165776841624e-05	1	1	1
GO:0006665	sphingolipid metabolic process	1	1	1	1	0.000116046120915785	1
GO:0006163	purine nucleotide metabolic process	0.000456234516680995	0.000599443621480488	1	0.000804188101551274	1	1
GO:1901605	alpha-amino acid metabolic process	1	1	6.34859788614849e-05	1	1	0.000250692646387852
GO:0009628	response to abiotic stimulus	0.000793290981042835	0.000985074096528888	1.80509236432837e-07	1	1	1.27134925350932e-05
GO:0009767	photosynthetic electron transport chain	1.87223644635e-06	2.79936429635314e-05	0.000670996903160176	0.000667488706482854	1	2.77297786874963e-06
GO:0009167	purine ribonucleoside monophosphate metabolic process	0.000813384491439242	0.000385140578172485	1	1	1	0.000903298430864175
GO:0008202	steroid metabolic process	1	0.000325530231573303	1	0.000560459282329707	1	1
GO:0017144	drug metabolic process	0.000382855136667634	0.000225380904391318	1	1	1	0.00071791486095173
GO:0046034	ATP metabolic process	0.0003115263700956	0.000400555738936411	1	0.000955058269949229	1	0.000722097945370907
GO:0009150	purine ribonucleotide metabolic process	0.000282606195385809	0.000951638140784646	1	0.000489513622952859	1	1
GO:0055086	nucleobase-containing small molecule metabolic process	0.000206402737222984	1	1	1	1	1
GO:0009123	nucleoside monophosphate metabolic process	1	0.000499550054503023	1	1	1	1
GO:0072521	purine-containing compound metabolic process	0.00077019919712924	1	1	1	1	1
GO:0009199	ribonucleoside triphosphate metabolic process	0.000205808634203176	0.000268388649182838	1	0.000707146490402436	1	0.000607002475937495
GO:0009719	response to endogenous stimulus	1	1	1	1	1	0.000194128501565228
GO:0012501	programmed cell death	3.67344489188686e-05	1.30620069228521e-05	3.5259046307086e-05	0.000136033175440352	1.0117671722801e-05	1
GO:0006520	cellular amino acid metabolic process	1	1	0.000506722880430808	1	1	0.000665491087909297
GO:0009259	ribonucleotide metabolic process	0.000332599155183022	1	1	0.000579672814630012	1	1
GO:0009144	purine nucleoside triphosphate metabolic process	0.000205808634203176	0.000268388649182838	1	0.000707146490402436	1	0.000607002475937495
GO:0044281	small molecule metabolic process	1.33043457634495e-05	0.000246512998065494	0.000437026989054433	1	1	2.93607614111516e-05
GO:0006915	apoptotic process	3.09546531750328e-05	1.08700817319166e-05	2.92374590716461e-05	0.000114603647978164	8.2677007143285e-06	0.000901849514807924
GO:0006694	steroid biosynthetic process	1	0.000290716088605743	1	0.000499119356770198	1	1
GO:0009141	nucleoside triphosphate metabolic process	0.000225860155997287	0.000294216599957574	1	0.000774423624172818	1	0.00067175116179701
GO:0006753	nucleoside phosphate metabolic process	0.000139321513099342	0.000460377135075768	1	0.000464491877124769	1	0.000616467956295765
GO:0009117	nucleotide metabolic process	9.64398488264138e-05	0.000328212598969108	1	0.000322458961063326	1	0.000416038180002826
GO:0009161	ribonucleoside monophosphate metabolic process	0.000955893151039887	0.00045852010012411	1	1	1	1
GO:0008219	cell death	8.81098644642782e-05	1.1940049788314e-05	0.000311338186416534	5.52819941587423e-05	1.15387755449118e-05	0.00039886672852795
GO:0055085	transmembrane transport	1	1	1	7.67356252373355e-05	0.000283421748424109	1
GO:0019748	secondary metabolic process	0.000302542467710487	0.000462964646802489	7.29228833701158e-08	0.0001458895575053	9.3146515454158e-05	9.14187373624881e-06

