#Bd_Bh	up_Bh
goid	goterm	10	14	18	22	2	6
GO:0008272	sulfate transport	1	1	1.65077919134412e-05	1.27163106521765e-05	8.76176093749852e-07	4.17967748044962e-05
GO:0015698	inorganic anion transport	1	1	1	1	9.53838661445988e-05	1
GO:0072348	sulfur compound transport	1	1	1.65077919134412e-05	1.27163106521765e-05	8.76176093749852e-07	4.17967748044962e-05
GO:0009628	response to abiotic stimulus	1	1.84202751928854e-05	1	1	1	1
GO:0006820	anion transport	1	1	1	1	1.99099477242543e-05	1
GO:0006520	cellular amino acid metabolic process	1	1	1	1	6.49038756351408e-06	4.34454138992501e-05
GO:0019748	secondary metabolic process	1	1	1	1	4.99991014109442e-05	1
GO:0055085	transmembrane transport	1	1	1	1	5.24759631682769e-06	1

#Bd_Bh	down_Bh
goid	goterm	10	14	18	22	2	6
GO:0019684	photosynthesis, light reaction	1	1	1	1	3.61096877051326e-05	1
GO:0006412	translation	1	3.12718725899108e-05	1	1	1	1
GO:0009987	cellular process	1	4.7908603679266e-05	1	1	1	1
GO:0006915	apoptotic process	3.63776003013179e-27	1.49724109763358e-30	2.43257852992983e-27	6.69460995911846e-32	5.74368619681291e-35	1.25729139588238e-26
GO:0022900	electron transport chain	5.54311586855906e-06	3.76683607534803e-05	1	1	1	1
GO:0043043	peptide biosynthetic process	1	4.09761434901003e-05	1	1	1	1
GO:0055114	oxidation-reduction process	1	1	1	1	1	2.34008720651015e-05
GO:0006518	peptide metabolic process	1	4.19537893369089e-05	1	1	1	1
GO:0043604	amide biosynthetic process	1	5.5674383545418e-05	1	1	1	1
GO:0009767	photosynthetic electron transport chain	6.59430755495133e-08	5.70469316595461e-06	7.61817181821874e-06	5.63497166129836e-06	3.66071108103262e-05	2.43056004879752e-06
GO:0012501	programmed cell death	1.82066054789428e-27	3.04377955885663e-30	4.75075208200851e-27	3.11504710733414e-32	2.52821732107512e-35	6.79219024490322e-27
GO:0043603	cellular amide metabolic process	1	5.22078977196481e-05	1	1	1	1
GO:0008219	cell death	1.9805948878235e-22	7.1964891008723e-25	6.40032668733934e-24	1.36335817662705e-28	3.89553783422107e-30	4.21736115890924e-25

