#Bd_col	up_col
goid	goterm	10	14	18	22	2	6
GO:0050896	response to stimulus	1	9.95671947382547e-07	1	1	1	1
GO:0019684	photosynthesis, light reaction	1	1.81245526340349e-05	1	1	1	1
GO:0009765	photosynthesis, light harvesting	1	2.69329344973738e-05	1	1	1	1
GO:0055114	oxidation-reduction process	1	8.34559352002232e-05	1	1	1	1
GO:0009628	response to abiotic stimulus	1	3.03894926493919e-06	1	1	1	1
GO:0006091	generation of precursor metabolites and energy	1	5.42679222661217e-08	1	1	1	1
GO:0009719	response to endogenous stimulus	1	2.59148294870165e-05	1	1	1	1
GO:0015979	photosynthesis	1	7.97632203238561e-09	1	1	1	1

#Bd_col	down_col
goid	goterm	10	14	18	22	2	6
GO:0019684	photosynthesis, light reaction	4.44965097845383e-08	1	1	1	1	1
GO:0006629	lipid metabolic process	1	1	1	1	1	9.6955701549816e-06
GO:0022900	electron transport chain	9.51633113286855e-13	1	1	1	1	1
GO:0009767	photosynthetic electron transport chain	3.69818322831848e-11	1	1	1	1	1
GO:0015977	carbon fixation	1.35539614042993e-07	1	1	1	1	1
GO:0005975	carbohydrate metabolic process	1	1	2.48179831374387e-05	1	1	1
GO:0009772	photosynthetic electron transport in photosystem II	4.30878668452268e-07	1	1	1	1	1
GO:0006091	generation of precursor metabolites and energy	7.79515649185415e-08	1	1	1	1	1
GO:0009084	glutamine family amino acid biosynthetic process	1	1	1	1	1	8.02980698399153e-05
GO:0015979	photosynthesis	1.47171697132754e-07	1	1	1	1	9.00732388674386e-05

