Bd21.10	18731
Bd21.14	18758
Bd21.18	18828
Bd21.2	18755
Bd21.22	18878
Bd21.6	18083
Bd21.all	20354
Bh.10	17316
Bh.14	17191
Bh.18	17356
Bh.2	17590
Bh.22	17491
Bh.6	17224
Bh.all	18938
BhBd.10	16483
BhBd.14	16285
BhBd.18	16380
BhBd.2	16663
BhBd.22	16598
BhBd.6	16416
BhBd.all	18304
BhBs.10	16076
BhBs.14	16027
BhBs.18	15996
BhBs.2	16441
BhBs.22	16383
BhBs.6	16143
BhBs.all	18018
col.10	19239
col.14	18557
col.18	19172
col.2	19177
col.22	19161
col.6	19123
col.all	20876
MAV.10	19501
MAV.14	19705
MAV.18	19836
MAV.2	19698
MAV.22	19644
MAV.6	19373
MAV.all	21177
sta.10	17688
sta.14	18055
sta.18	18307
sta.2	17749
sta.22	17687
sta.6	18101
sta.all	19619
