Species1	Species2	Time point	Species1 Up	Species1 Down
Bd	Bh	10	3239	1714
Bd	Bh	14	3039	1932
Bd	Bh	18	3147	1614
Bd	Bh	2	2980	1629
Bd	Bh	22	3109	1548
Bd	Bh	6	3403	1869
Bd	Bs	10	4420	3055
Bd	Bs	14	4299	3198
Bd	Bs	18	4720	3354
Bd	Bs	2	4623	3566
Bd	Bs	22	4534	3346
Bd	Bs	6	4486	3389
Bd	col	10	189	63
Bd	col	14	118	432
Bd	col	18	35	34
Bd	col	2	108	163
Bd	col	22	2	32
Bd	col	6	395	119
BhBd	BhBs	10	2761	2317
BhBd	BhBs	14	2867	2507
BhBd	BhBs	18	2667	2317
BhBd	BhBs	2	2721	2364
BhBd	BhBs	22	2691	2330
BhBd	BhBs	6	2896	2544
Bs	Bh	10	1455	1515
Bs	Bh	14	1454	1749
Bs	Bh	18	1620	1927
Bs	Bh	2	1681	1710
Bs	Bh	22	1600	1578
Bs	Bh	6	2023	2029
col	Bh	10	3806	2439
col	Bh	14	3756	2003
col	Bh	18	3760	2253
col	Bh	2	3486	2202
col	Bh	22	3616	1918
col	Bh	6	4275	2749
col	Bs	10	4786	3605
col	Bs	14	4900	3345
col	Bs	18	4927	3665
col	Bs	2	5097	4048
col	Bs	22	4764	3500
col	Bs	6	4710	3650
